<?xml version="1.0" encoding="UTF-8"?>
<!-- Generated by org.testng.reporters.JUnitReportReporter -->
<testsuite hostname="ashish-PC" name="com.learntestng.SampleTest" tests="1" failures="0" timestamp="21 Jun 2014 09:12:42 GMT" time="0.000" errors="0">
  <testcase name="sampletest" time="0.000" classname="com.learntestng.SampleTest"/>
</testsuite>
